
Gurobi 6.0.5 (win64) logging started 10/19/15 13:48:26

Optimize a model with 24 rows, 132 columns and 264 nonzeros
Coefficient statistics:
  Matrix range    [1e+00, 1e+00]
  Objective range [4e+00, 4e+01]
  Bounds range    [1e+00, 1e+00]
  RHS range       [1e+00, 1e+00]
Found heuristic solution: objective 337.422
Presolve time: 0.05s
Presolved: 24 rows, 132 columns, 264 nonzeros
Variable types: 0 continuous, 132 integer (132 binary)

Root relaxation: objective 1.142309e+02, 16 iterations, 0.01 seconds

    Nodes    |    Current Node    |     Objective Bounds      |     Work
 Expl Unexpl |  Obj  Depth IntInf | Incumbent    BestBd   Gap | It/Node Time

*    0     0               0     114.2309226  114.23092  0.00%     -    0s

Explored 0 nodes (16 simplex iterations) in 0.16 seconds
Thread count was 4 (of 8 available processors)

Optimal solution found (tolerance 1.00e-04)
Best objective 1.142309226232e+02, best bound 1.142309226232e+02, gap 0.0%
Optimize a model with 34 rows, 132 columns and 284 nonzeros
Coefficient statistics:
  Matrix range    [1e+00, 1e+00]
  Objective range [4e+00, 4e+01]
  Bounds range    [1e+00, 1e+00]
  RHS range       [1e+00, 1e+00]
Found heuristic solution: objective 337.422
Presolve removed 5 rows and 0 columns
Presolve time: 0.00s
Presolved: 29 rows, 132 columns, 274 nonzeros

MIP start did not produce a new incumbent solution
MIP start violates constraint c_n1 by 1.00

Variable types: 0 continuous, 132 integer (132 binary)

Root relaxation: objective 1.304157e+02, 26 iterations, 0.00 seconds

    Nodes    |    Current Node    |     Objective Bounds      |     Work
 Expl Unexpl |  Obj  Depth IntInf | Incumbent    BestBd   Gap | It/Node Time

*    0     0               0     130.4156964  130.41570  0.00%     -    0s

Explored 0 nodes (26 simplex iterations) in 0.01 seconds
Thread count was 4 (of 8 available processors)

Optimal solution found (tolerance 1.00e-04)
Best objective 1.304156964087e+02, best bound 1.304156964087e+02, gap 0.0%
Optimize a model with 44 rows, 132 columns and 368 nonzeros
Coefficient statistics:
  Matrix range    [1e+00, 1e+00]
  Objective range [4e+00, 4e+01]
  Bounds range    [1e+00, 1e+00]
  RHS range       [1e+00, 3e+00]
Found heuristic solution: objective 337.422
Presolve removed 12 rows and 0 columns
Presolve time: 0.00s
Presolved: 32 rows, 132 columns, 298 nonzeros

MIP start did not produce a new incumbent solution
MIP start violates constraint c_n11 by 1.00

Variable types: 0 continuous, 132 integer (132 binary)

Root relaxation: objective 1.401589e+02, 35 iterations, 0.00 seconds

    Nodes    |    Current Node    |     Objective Bounds      |     Work
 Expl Unexpl |  Obj  Depth IntInf | Incumbent    BestBd   Gap | It/Node Time

*    0     0               0     140.1588969  140.15890  0.00%     -    0s

Explored 0 nodes (35 simplex iterations) in 0.00 seconds
Thread count was 4 (of 8 available processors)

Optimal solution found (tolerance 1.00e-04)
Best objective 1.401588968542e+02, best bound 1.401588968542e+02, gap 0.0%
Optimize a model with 54 rows, 132 columns and 596 nonzeros
Coefficient statistics:
  Matrix range    [1e+00, 1e+00]
  Objective range [4e+00, 4e+01]
  Bounds range    [1e+00, 1e+00]
  RHS range       [1e+00, 5e+00]
Found heuristic solution: objective 337.422
Presolve removed 20 rows and 0 columns
Presolve time: 0.00s
Presolved: 34 rows, 132 columns, 340 nonzeros

MIP start did not produce a new incumbent solution
MIP start violates constraint c_n21 by 1.00

Variable types: 0 continuous, 132 integer (132 binary)

Root relaxation: objective 1.404152e+02, 38 iterations, 0.00 seconds

    Nodes    |    Current Node    |     Objective Bounds      |     Work
 Expl Unexpl |  Obj  Depth IntInf | Incumbent    BestBd   Gap | It/Node Time

*    0     0               0     140.4152290  140.41523  0.00%     -    0s

Explored 0 nodes (38 simplex iterations) in 0.00 seconds
Thread count was 4 (of 8 available processors)

Optimal solution found (tolerance 1.00e-04)
Best objective 1.404152290032e+02, best bound 1.404152290032e+02, gap 0.0%
Optimize a model with 64 rows, 132 columns and 1496 nonzeros
Coefficient statistics:
  Matrix range    [1e+00, 1e+00]
  Objective range [4e+00, 4e+01]
  Bounds range    [1e+00, 1e+00]
  RHS range       [1e+00, 9e+00]
Found heuristic solution: objective 337.422
Presolve removed 29 rows and 0 columns
Presolve time: 0.00s
Presolved: 35 rows, 132 columns, 430 nonzeros

MIP start did not produce a new incumbent solution
MIP start violates constraint c_n31 by 1.00

Variable types: 0 continuous, 132 integer (132 binary)

Root relaxation: objective 1.432468e+02, 37 iterations, 0.00 seconds

    Nodes    |    Current Node    |     Objective Bounds      |     Work
 Expl Unexpl |  Obj  Depth IntInf | Incumbent    BestBd   Gap | It/Node Time

*    0     0               0     143.2468128  143.24681  0.00%     -    0s

Explored 0 nodes (37 simplex iterations) in 0.00 seconds
Thread count was 4 (of 8 available processors)

Optimal solution found (tolerance 1.00e-04)
Best objective 1.432468127781e+02, best bound 1.432468127781e+02, gap 0.0%

Gurobi 6.0.5 (win64) logging started 10/19/15 13:50:48

Optimize a model with 24 rows, 132 columns and 264 nonzeros
Coefficient statistics:
  Matrix range    [1e+00, 1e+00]
  Objective range [4e+00, 4e+01]
  Bounds range    [1e+00, 1e+00]
  RHS range       [1e+00, 1e+00]
Found heuristic solution: objective 337.422
Presolve time: 0.00s
Presolved: 24 rows, 132 columns, 264 nonzeros
Variable types: 0 continuous, 132 integer (132 binary)

Root relaxation: objective 1.142309e+02, 16 iterations, 0.00 seconds

    Nodes    |    Current Node    |     Objective Bounds      |     Work
 Expl Unexpl |  Obj  Depth IntInf | Incumbent    BestBd   Gap | It/Node Time

*    0     0               0     114.2309226  114.23092  0.00%     -    0s

Explored 0 nodes (16 simplex iterations) in 0.00 seconds
Thread count was 4 (of 8 available processors)

Optimal solution found (tolerance 1.00e-04)
Best objective 1.142309226232e+02, best bound 1.142309226232e+02, gap 0.0%
Optimize a model with 34 rows, 132 columns and 284 nonzeros
Coefficient statistics:
  Matrix range    [1e+00, 1e+00]
  Objective range [4e+00, 4e+01]
  Bounds range    [1e+00, 1e+00]
  RHS range       [1e+00, 1e+00]
Found heuristic solution: objective 337.422
Presolve removed 5 rows and 0 columns
Presolve time: 0.00s
Presolved: 29 rows, 132 columns, 274 nonzeros

MIP start did not produce a new incumbent solution
MIP start violates constraint c_n1 by 1.00

Variable types: 0 continuous, 132 integer (132 binary)

Root relaxation: objective 1.304157e+02, 26 iterations, 0.00 seconds

    Nodes    |    Current Node    |     Objective Bounds      |     Work
 Expl Unexpl |  Obj  Depth IntInf | Incumbent    BestBd   Gap | It/Node Time

*    0     0               0     130.4156964  130.41570  0.00%     -    0s

Explored 0 nodes (26 simplex iterations) in 0.00 seconds
Thread count was 4 (of 8 available processors)

Optimal solution found (tolerance 1.00e-04)
Best objective 1.304156964087e+02, best bound 1.304156964087e+02, gap 0.0%
Optimize a model with 44 rows, 132 columns and 368 nonzeros
Coefficient statistics:
  Matrix range    [1e+00, 1e+00]
  Objective range [4e+00, 4e+01]
  Bounds range    [1e+00, 1e+00]
  RHS range       [1e+00, 3e+00]
Found heuristic solution: objective 337.422
Presolve removed 12 rows and 0 columns
Presolve time: 0.00s
Presolved: 32 rows, 132 columns, 298 nonzeros

MIP start did not produce a new incumbent solution
MIP start violates constraint c_n11 by 1.00

Variable types: 0 continuous, 132 integer (132 binary)

Root relaxation: objective 1.401589e+02, 35 iterations, 0.00 seconds

    Nodes    |    Current Node    |     Objective Bounds      |     Work
 Expl Unexpl |  Obj  Depth IntInf | Incumbent    BestBd   Gap | It/Node Time

*    0     0               0     140.1588969  140.15890  0.00%     -    0s

Explored 0 nodes (35 simplex iterations) in 0.00 seconds
Thread count was 4 (of 8 available processors)

Optimal solution found (tolerance 1.00e-04)
Best objective 1.401588968542e+02, best bound 1.401588968542e+02, gap 0.0%
Optimize a model with 54 rows, 132 columns and 596 nonzeros
Coefficient statistics:
  Matrix range    [1e+00, 1e+00]
  Objective range [4e+00, 4e+01]
  Bounds range    [1e+00, 1e+00]
  RHS range       [1e+00, 5e+00]
Found heuristic solution: objective 337.422
Presolve removed 20 rows and 0 columns
Presolve time: 0.00s
Presolved: 34 rows, 132 columns, 340 nonzeros

MIP start did not produce a new incumbent solution
MIP start violates constraint c_n21 by 1.00

Variable types: 0 continuous, 132 integer (132 binary)

Root relaxation: objective 1.404152e+02, 38 iterations, 0.00 seconds

    Nodes    |    Current Node    |     Objective Bounds      |     Work
 Expl Unexpl |  Obj  Depth IntInf | Incumbent    BestBd   Gap | It/Node Time

*    0     0               0     140.4152290  140.41523  0.00%     -    0s

Explored 0 nodes (38 simplex iterations) in 0.00 seconds
Thread count was 4 (of 8 available processors)

Optimal solution found (tolerance 1.00e-04)
Best objective 1.404152290032e+02, best bound 1.404152290032e+02, gap 0.0%
Optimize a model with 64 rows, 132 columns and 1496 nonzeros
Coefficient statistics:
  Matrix range    [1e+00, 1e+00]
  Objective range [4e+00, 4e+01]
  Bounds range    [1e+00, 1e+00]
  RHS range       [1e+00, 9e+00]
Found heuristic solution: objective 337.422
Presolve removed 29 rows and 0 columns
Presolve time: 0.00s
Presolved: 35 rows, 132 columns, 430 nonzeros

MIP start did not produce a new incumbent solution
MIP start violates constraint c_n31 by 1.00

Variable types: 0 continuous, 132 integer (132 binary)

Root relaxation: objective 1.432468e+02, 37 iterations, 0.00 seconds

    Nodes    |    Current Node    |     Objective Bounds      |     Work
 Expl Unexpl |  Obj  Depth IntInf | Incumbent    BestBd   Gap | It/Node Time

*    0     0               0     143.2468128  143.24681  0.00%     -    0s

Explored 0 nodes (37 simplex iterations) in 0.00 seconds
Thread count was 4 (of 8 available processors)

Optimal solution found (tolerance 1.00e-04)
Best objective 1.432468127781e+02, best bound 1.432468127781e+02, gap 0.0%

Gurobi 6.0.5 (win64) logging started 10/19/15 13:53:29

Optimize a model with 54 rows, 702 columns and 1404 nonzeros
Coefficient statistics:
  Matrix range    [1e+00, 1e+00]
  Objective range [1e+00, 5e+01]
  Bounds range    [1e+00, 1e+00]
  RHS range       [1e+00, 1e+00]
Found heuristic solution: objective 652.902
Presolve time: 0.04s
Presolved: 54 rows, 702 columns, 1404 nonzeros
Variable types: 0 continuous, 702 integer (702 binary)

Root relaxation: objective 1.462092e+02, 42 iterations, 0.00 seconds

    Nodes    |    Current Node    |     Objective Bounds      |     Work
 Expl Unexpl |  Obj  Depth IntInf | Incumbent    BestBd   Gap | It/Node Time

*    0     0               0     146.2092106  146.20921  0.00%     -    0s

Explored 0 nodes (42 simplex iterations) in 0.05 seconds
Thread count was 4 (of 8 available processors)

Optimal solution found (tolerance 1.00e-04)
Best objective 1.462092106189e+02, best bound 1.462092106189e+02, gap 0.0%
Optimize a model with 78 rows, 702 columns and 1476 nonzeros
Coefficient statistics:
  Matrix range    [1e+00, 1e+00]
  Objective range [1e+00, 5e+01]
  Bounds range    [1e+00, 1e+00]
  RHS range       [1e+00, 2e+00]
Found heuristic solution: objective 652.902
Presolve removed 13 rows and 0 columns
Presolve time: 0.01s
Presolved: 65 rows, 702 columns, 1434 nonzeros

MIP start did not produce a new incumbent solution
MIP start violates constraint c_n1 by 1.00

Variable types: 0 continuous, 702 integer (702 binary)

Root relaxation: objective 1.775175e+02, 66 iterations, 0.01 seconds

    Nodes    |    Current Node    |     Objective Bounds      |     Work
 Expl Unexpl |  Obj  Depth IntInf | Incumbent    BestBd   Gap | It/Node Time

*    0     0               0     177.5175416  177.51754  0.00%     -    0s

Explored 0 nodes (66 simplex iterations) in 0.02 seconds
Thread count was 4 (of 8 available processors)

Optimal solution found (tolerance 1.00e-04)
Best objective 1.775175415828e+02, best bound 1.775175415828e+02, gap 0.0%
Optimize a model with 102 rows, 702 columns and 7020 nonzeros
Coefficient statistics:
  Matrix range    [1e+00, 1e+00]
  Objective range [1e+00, 5e+01]
  Bounds range    [1e+00, 1e+00]
  RHS range       [1e+00, 2e+01]
Found heuristic solution: objective 652.902
Presolve removed 34 rows and 0 columns
Presolve time: 0.01s
Presolved: 68 rows, 702 columns, 1752 nonzeros

MIP start did not produce a new incumbent solution
MIP start violates constraint c_n25 by 1.00

Variable types: 0 continuous, 702 integer (702 binary)

Root relaxation: objective 1.782873e+02, 64 iterations, 0.00 seconds

    Nodes    |    Current Node    |     Objective Bounds      |     Work
 Expl Unexpl |  Obj  Depth IntInf | Incumbent    BestBd   Gap | It/Node Time

*    0     0               0     178.2872873  178.28729  0.00%     -    0s

Explored 0 nodes (64 simplex iterations) in 0.01 seconds
Thread count was 4 (of 8 available processors)

Optimal solution found (tolerance 1.00e-04)
Best objective 1.782872872826e+02, best bound 1.782872872826e+02, gap 0.0%
Optimize a model with 126 rows, 702 columns and 7564 nonzeros
Coefficient statistics:
  Matrix range    [1e+00, 1e+00]
  Objective range [1e+00, 5e+01]
  Bounds range    [1e+00, 1e+00]
  RHS range       [1e+00, 2e+01]
Found heuristic solution: objective 652.902
Presolve removed 51 rows and 0 columns
Presolve time: 0.01s
Presolved: 75 rows, 702 columns, 1838 nonzeros

MIP start did not produce a new incumbent solution
MIP start violates constraint c_n49 by 1.00

Variable types: 0 continuous, 702 integer (702 binary)

Root relaxation: objective 1.800975e+02, 79 iterations, 0.00 seconds

    Nodes    |    Current Node    |     Objective Bounds      |     Work
 Expl Unexpl |  Obj  Depth IntInf | Incumbent    BestBd   Gap | It/Node Time

     0     0  180.09751    0    8  652.90188  180.09751  72.4%     -    0s
H    0     0                     184.8520200  180.09751  2.57%     -    0s
H    0     0                     181.2962940  180.09751  0.66%     -    0s
*    0     0               0     180.7549821  180.75498  0.00%     -    0s

Cutting planes:
  Gomory: 1
  Zero half: 1

Explored 0 nodes (93 simplex iterations) in 0.05 seconds
Thread count was 4 (of 8 available processors)

Optimal solution found (tolerance 1.00e-04)
Best objective 1.807549820825e+02, best bound 1.807549820825e+02, gap 0.0%
Optimize a model with 150 rows, 702 columns and 17732 nonzeros
Coefficient statistics:
  Matrix range    [1e+00, 1e+00]
  Objective range [1e+00, 5e+01]
  Bounds range    [1e+00, 1e+00]
  RHS range       [1e+00, 2e+01]
Found heuristic solution: objective 652.902
Presolve removed 73 rows and 0 columns
Presolve time: 0.02s
Presolved: 77 rows, 702 columns, 2302 nonzeros

MIP start did not produce a new incumbent solution
MIP start violates constraint c_n73 by 1.00

Variable types: 0 continuous, 702 integer (702 binary)

Root relaxation: objective 1.805276e+02, 69 iterations, 0.00 seconds

    Nodes    |    Current Node    |     Objective Bounds      |     Work
 Expl Unexpl |  Obj  Depth IntInf | Incumbent    BestBd   Gap | It/Node Time

     0     0  180.52764    0   10  652.90188  180.52764  72.3%     -    0s
H    0     0                     183.2658234  180.52764  1.49%     -    0s
H    0     0                     181.2962940  180.52764  0.42%     -    0s
     0     0     cutoff    0       181.29629  181.29629  0.00%     -    0s

Cutting planes:
  Gomory: 1
  Zero half: 1

Explored 0 nodes (81 simplex iterations) in 0.02 seconds
Thread count was 4 (of 8 available processors)

Optimal solution found (tolerance 1.00e-04)
Best objective 1.812962939663e+02, best bound 1.812962939663e+02, gap 0.0%
Optimize a model with 174 rows, 702 columns and 30980 nonzeros
Coefficient statistics:
  Matrix range    [1e+00, 1e+00]
  Objective range [1e+00, 5e+01]
  Bounds range    [1e+00, 1e+00]
  RHS range       [1e+00, 2e+01]
Found heuristic solution: objective 652.902
Presolve removed 96 rows and 0 columns
Presolve time: 0.02s
Presolved: 78 rows, 702 columns, 2854 nonzeros

MIP start did not produce a new incumbent solution
MIP start violates constraint c_n97 by 1.00

Variable types: 0 continuous, 702 integer (702 binary)

Root relaxation: objective 1.924416e+02, 79 iterations, 0.00 seconds

    Nodes    |    Current Node    |     Objective Bounds      |     Work
 Expl Unexpl |  Obj  Depth IntInf | Incumbent    BestBd   Gap | It/Node Time

     0     0  192.44164    0   10  652.90188  192.44164  70.5%     -    0s
H    0     0                     195.1798311  192.44164  1.40%     -    0s
H    0     0                     193.9618525  192.44164  0.78%     -    0s
*    0     0               0     193.2103017  193.21030  0.00%     -    0s

Cutting planes:
  Gomory: 1
  Zero half: 1

Explored 0 nodes (99 simplex iterations) in 0.03 seconds
Thread count was 4 (of 8 available processors)

Optimal solution found (tolerance 1.00e-04)
Best objective 1.932103016741e+02, best bound 1.932103016741e+02, gap 0.0%

Gurobi 6.0.5 (win64) logging started 10/19/15 14:14:29

Optimize a model with 122 rows, 3660 columns and 7320 nonzeros
Coefficient statistics:
  Matrix range    [1e+00, 1e+00]
  Objective range [3e-01, 9e+01]
  Bounds range    [1e+00, 1e+00]
  RHS range       [1e+00, 1e+00]
Found heuristic solution: objective 2337.86
Presolve time: 0.02s
Presolved: 122 rows, 3660 columns, 7320 nonzeros
Variable types: 0 continuous, 3660 integer (3660 binary)

Root relaxation: objective 3.098770e+02, 141 iterations, 0.00 seconds

    Nodes    |    Current Node    |     Objective Bounds      |     Work
 Expl Unexpl |  Obj  Depth IntInf | Incumbent    BestBd   Gap | It/Node Time

*    0     0               0     309.8770000  309.87700  0.00%     -    0s

Explored 0 nodes (141 simplex iterations) in 0.02 seconds
Thread count was 4 (of 8 available processors)

Optimal solution found (tolerance 1.00e-04)
Best objective 3.098770000000e+02, best bound 3.098770000000e+02, gap 0.0%
Optimize a model with 174 rows, 3660 columns and 7448 nonzeros
Coefficient statistics:
  Matrix range    [1e+00, 1e+00]
  Objective range [3e-01, 9e+01]
  Bounds range    [1e+00, 1e+00]
  RHS range       [1e+00, 2e+00]
Found heuristic solution: objective 2337.86
Presolve removed 27 rows and 0 columns
Presolve time: 0.02s
Presolved: 147 rows, 3660 columns, 7378 nonzeros

MIP start did not produce a new incumbent solution
MIP start violates constraint c_n1 by 1.00

Variable types: 0 continuous, 3660 integer (3660 binary)

Root relaxation: objective 3.355745e+02, 208 iterations, 0.00 seconds

    Nodes    |    Current Node    |     Objective Bounds      |     Work
 Expl Unexpl |  Obj  Depth IntInf | Incumbent    BestBd   Gap | It/Node Time

     0     0  335.57450    0   30 2337.86200  335.57450  85.6%     -    0s
H    0     0                     344.8800000  335.57450  2.70%     -    0s
H    0     0                     343.9540000  335.57450  2.44%     -    0s
H    0     0                     343.4130000  335.57450  2.28%     -    0s
     0     0  335.57450    0   38  343.41300  335.57450  2.28%     -    0s
     0     0  335.57450    0   30  343.41300  335.57450  2.28%     -    0s
H    0     0                     340.8410000  335.57450  1.55%     -    0s
     0     0  335.57450    0   38  340.84100  335.57450  1.55%     -    0s
     0     0  335.57450    0   30  340.84100  335.57450  1.55%     -    0s
H    0     0                     340.7480000  335.57450  1.52%     -    0s
H    0     0                     340.2070000  335.57450  1.36%     -    0s
     0     0  335.57450    0   38  340.20700  335.57450  1.36%     -    0s
     0     0  335.57450    0   42  340.20700  335.57450  1.36%     -    0s
     0     0  335.57450    0   30  340.20700  335.57450  1.36%     -    0s
H    0     0                     336.1240000  335.57450  0.16%     -    0s
     0     0     cutoff    0       336.12400  335.57450  0.16%     -    0s

Explored 0 nodes (658 simplex iterations) in 0.17 seconds
Thread count was 4 (of 8 available processors)

Optimal solution found (tolerance 1.00e-04)
Best objective 3.361240000000e+02, best bound 3.361240000000e+02, gap 0.0%
Optimize a model with 221 rows, 3660 columns and 8098 nonzeros
Coefficient statistics:
  Matrix range    [1e+00, 1e+00]
  Objective range [3e-01, 9e+01]
  Bounds range    [1e+00, 1e+00]
  RHS range       [1e+00, 7e+00]
Found heuristic solution: objective 2337.86
Presolve removed 58 rows and 0 columns
Presolve time: 0.02s
Presolved: 163 rows, 3660 columns, 7502 nonzeros

MIP start did not produce a new incumbent solution
MIP start violates constraint c_n53 by 1.00

Variable types: 0 continuous, 3660 integer (3660 binary)

Root relaxation: objective 3.482500e+02, 239 iterations, 0.00 seconds

    Nodes    |    Current Node    |     Objective Bounds      |     Work
 Expl Unexpl |  Obj  Depth IntInf | Incumbent    BestBd   Gap | It/Node Time

     0     0  348.25000    0   22 2337.86200  348.25000  85.1%     -    0s
H    0     0                     355.0500000  348.25000  1.92%     -    0s
H    0     0                     352.2090000  348.25000  1.12%     -    0s
     0     0  348.25000    0   34  352.20900  348.25000  1.12%     -    0s
     0     0  348.25000    0   20  352.20900  348.25000  1.12%     -    0s
*    0     0               0     348.6180000  348.61800  0.00%     -    0s

Cutting planes:
  Gomory: 2
  Zero half: 3

Explored 0 nodes (495 simplex iterations) in 0.07 seconds
Thread count was 4 (of 8 available processors)

Optimal solution found (tolerance 1.00e-04)
Best objective 3.486180000000e+02, best bound 3.486180000000e+02, gap 0.0%
Optimize a model with 246 rows, 3660 columns and 9556 nonzeros
Coefficient statistics:
  Matrix range    [1e+00, 1e+00]
  Objective range [3e-01, 9e+01]
  Bounds range    [1e+00, 1e+00]
  RHS range       [1e+00, 1e+01]
Found heuristic solution: objective 2337.86
Presolve removed 79 rows and 0 columns
Presolve time: 0.02s
Presolved: 167 rows, 3660 columns, 7664 nonzeros

MIP start did not produce a new incumbent solution
MIP start violates constraint c_n100 by 1.00

Variable types: 0 continuous, 3660 integer (3660 binary)

Root relaxation: objective 3.518930e+02, 256 iterations, 0.00 seconds

    Nodes    |    Current Node    |     Objective Bounds      |     Work
 Expl Unexpl |  Obj  Depth IntInf | Incumbent    BestBd   Gap | It/Node Time

     0     0  351.89300    0   22 2337.86200  351.89300  84.9%     -    0s
H    0     0                     356.6490000  351.89300  1.33%     -    0s
H    0     0                     353.4240000  351.89300  0.43%     -    0s
     0     0  351.89575    0   69  353.42400  351.89575  0.43%     -    0s
     0     0  352.02480    0   52  353.42400  352.02480  0.40%     -    0s
     0     0  353.26125    0   46  353.42400  353.26125  0.05%     -    0s

Cutting planes:
  Gomory: 4
  Clique: 3
  Zero half: 9
  Mod-K: 2

Explored 0 nodes (426 simplex iterations) in 0.06 seconds
Thread count was 4 (of 8 available processors)

Optimal solution found (tolerance 1.00e-04)
Best objective 3.534240000000e+02, best bound 3.534240000000e+02, gap 0.0%
Optimize a model with 286 rows, 3660 columns and 21004 nonzeros
Coefficient statistics:
  Matrix range    [1e+00, 1e+00]
  Objective range [3e-01, 9e+01]
  Bounds range    [1e+00, 1e+00]
  RHS range       [1e+00, 2e+01]
Found heuristic solution: objective 2337.86
Presolve removed 115 rows and 0 columns
Presolve time: 0.03s
Presolved: 171 rows, 3660 columns, 8288 nonzeros

MIP start did not produce a new incumbent solution
MIP start violates constraint c_n125 by 1.00

Variable types: 0 continuous, 3660 integer (3660 binary)

Root relaxation: objective 3.561705e+02, 287 iterations, 0.00 seconds

    Nodes    |    Current Node    |     Objective Bounds      |     Work
 Expl Unexpl |  Obj  Depth IntInf | Incumbent    BestBd   Gap | It/Node Time

     0     0  356.17050    0   52 2337.86200  356.17050  84.8%     -    0s
H    0     0                     368.8290000  356.17050  3.43%     -    0s
H    0     0                     365.7970000  356.17050  2.63%     -    0s
     0     0  356.17050    0   88  365.79700  356.17050  2.63%     -    0s
     0     0  356.17050    0   58  365.79700  356.17050  2.63%     -    0s
     0     0  358.86100    0   16  365.79700  358.86100  1.90%     -    0s
H    0     0                     359.8200000  358.86100  0.27%     -    0s
*    0     0               0     358.9720000  358.97200  0.00%     -    0s

Cutting planes:
  Gomory: 6
  MIR: 1
  Zero half: 9

Explored 0 nodes (665 simplex iterations) in 0.10 seconds
Thread count was 4 (of 8 available processors)

Optimal solution found (tolerance 1.00e-04)
Best objective 3.589720000000e+02, best bound 3.589720000000e+02, gap 0.0%
Optimize a model with 292 rows, 3660 columns and 21056 nonzeros
Coefficient statistics:
  Matrix range    [1e+00, 1e+00]
  Objective range [3e-01, 9e+01]
  Bounds range    [1e+00, 1e+00]
  RHS range       [1e+00, 2e+01]
Found heuristic solution: objective 2337.86
Presolve removed 119 rows and 0 columns
Presolve time: 0.04s
Presolved: 173 rows, 3660 columns, 8302 nonzeros

MIP start did not produce a new incumbent solution
MIP start violates constraint c_n165 by 1.00

Variable types: 0 continuous, 3660 integer (3660 binary)

Root relaxation: objective 3.565220e+02, 254 iterations, 0.00 seconds

    Nodes    |    Current Node    |     Objective Bounds      |     Work
 Expl Unexpl |  Obj  Depth IntInf | Incumbent    BestBd   Gap | It/Node Time

     0     0  356.52200    0   48 2337.86200  356.52200  84.8%     -    0s
H    0     0                     375.4450000  356.52200  5.04%     -    0s
H    0     0                     366.4290000  356.52200  2.70%     -    0s
     0     0  356.52200    0   76  366.42900  356.52200  2.70%     -    0s
     0     0  356.52200    0   50  366.42900  356.52200  2.70%     -    0s
H    0     0                     365.5810000  356.52200  2.48%     -    0s
     0     0  358.51350    0   12  365.58100  358.51350  1.93%     -    0s
*    0     0               0     359.6750000  359.67500  0.00%     -    0s

Cutting planes:
  Gomory: 7
  Zero half: 4

Explored 0 nodes (629 simplex iterations) in 0.13 seconds
Thread count was 4 (of 8 available processors)

Optimal solution found (tolerance 1.00e-04)
Best objective 3.596750000000e+02, best bound 3.596750000000e+02, gap 0.0%

Gurobi 6.0.5 (win64) logging started 10/19/15 14:14:30

Optimize a model with 42 rows, 420 columns and 840 nonzeros
Coefficient statistics:
  Matrix range    [1e+00, 1e+00]
  Objective range [9e-01, 7e+01]
  Bounds range    [1e+00, 1e+00]
  RHS range       [1e+00, 1e+00]
Found heuristic solution: objective 301.959
Presolve time: 0.01s
Presolved: 42 rows, 420 columns, 840 nonzeros
Variable types: 0 continuous, 420 integer (420 binary)

Root relaxation: objective 1.139600e+02, 45 iterations, 0.00 seconds

    Nodes    |    Current Node    |     Objective Bounds      |     Work
 Expl Unexpl |  Obj  Depth IntInf | Incumbent    BestBd   Gap | It/Node Time

*    0     0               0     113.9600000  113.96000  0.00%     -    0s

Explored 0 nodes (45 simplex iterations) in 0.01 seconds
Thread count was 4 (of 8 available processors)

Optimal solution found (tolerance 1.00e-04)
Best objective 1.139600000000e+02, best bound 1.139600000000e+02, gap 0.0%
Optimize a model with 60 rows, 420 columns and 900 nonzeros
Coefficient statistics:
  Matrix range    [1e+00, 1e+00]
  Objective range [9e-01, 7e+01]
  Bounds range    [1e+00, 1e+00]
  RHS range       [1e+00, 2e+00]
Found heuristic solution: objective 301.959
Presolve removed 10 rows and 0 columns
Presolve time: 0.00s
Presolved: 50 rows, 420 columns, 864 nonzeros

MIP start did not produce a new incumbent solution
MIP start violates constraint c_n1 by 1.00

Variable types: 0 continuous, 420 integer (420 binary)

Root relaxation: objective 1.282370e+02, 56 iterations, 0.00 seconds

    Nodes    |    Current Node    |     Objective Bounds      |     Work
 Expl Unexpl |  Obj  Depth IntInf | Incumbent    BestBd   Gap | It/Node Time

*    0     0               0     128.2370000  128.23700  0.00%     -    0s

Explored 0 nodes (56 simplex iterations) in 0.01 seconds
Thread count was 4 (of 8 available processors)

Optimal solution found (tolerance 1.00e-04)
Best objective 1.282370000000e+02, best bound 1.282370000000e+02, gap 0.0%
Optimize a model with 69 rows, 420 columns and 930 nonzeros
Coefficient statistics:
  Matrix range    [1e+00, 1e+00]
  Objective range [9e-01, 7e+01]
  Bounds range    [1e+00, 1e+00]
  RHS range       [1e+00, 2e+00]
Found heuristic solution: objective 301.959
Presolve removed 15 rows and 0 columns
Presolve time: 0.00s
Presolved: 54 rows, 420 columns, 876 nonzeros

MIP start did not produce a new incumbent solution
MIP start violates constraint c_n19 by 1.00

Variable types: 0 continuous, 420 integer (420 binary)

Root relaxation: objective 1.284070e+02, 54 iterations, 0.00 seconds

    Nodes    |    Current Node    |     Objective Bounds      |     Work
 Expl Unexpl |  Obj  Depth IntInf | Incumbent    BestBd   Gap | It/Node Time

*    0     0               0     128.4070000  128.40700  0.00%     -    0s

Explored 0 nodes (54 simplex iterations) in 0.01 seconds
Thread count was 4 (of 8 available processors)

Optimal solution found (tolerance 1.00e-04)
Best objective 1.284070000000e+02, best bound 1.284070000000e+02, gap 0.0%
Optimize a model with 75 rows, 420 columns and 1110 nonzeros
Coefficient statistics:
  Matrix range    [1e+00, 1e+00]
  Objective range [9e-01, 7e+01]
  Bounds range    [1e+00, 1e+00]
  RHS range       [1e+00, 5e+00]
Found heuristic solution: objective 301.959
Presolve removed 20 rows and 0 columns
Presolve time: 0.01s
Presolved: 55 rows, 420 columns, 906 nonzeros

MIP start did not produce a new incumbent solution
MIP start violates constraint c_n28 by 1.00

Variable types: 0 continuous, 420 integer (420 binary)

Root relaxation: objective 1.294990e+02, 49 iterations, 0.00 seconds

    Nodes    |    Current Node    |     Objective Bounds      |     Work
 Expl Unexpl |  Obj  Depth IntInf | Incumbent    BestBd   Gap | It/Node Time

*    0     0               0     129.4990000  129.49900  0.00%     -    0s

Explored 0 nodes (49 simplex iterations) in 0.01 seconds
Thread count was 4 (of 8 available processors)

Optimal solution found (tolerance 1.00e-04)
Best objective 1.294990000000e+02, best bound 1.294990000000e+02, gap 0.0%

Gurobi 6.0.5 (win64) logging started 10/19/15 18:24:07

Optimize a model with 42 rows, 420 columns and 840 nonzeros
Coefficient statistics:
  Matrix range    [1e+00, 1e+00]
  Objective range [9e-01, 6e+01]
  Bounds range    [1e+00, 1e+00]
  RHS range       [1e+00, 1e+00]
Found heuristic solution: objective 329.454
Presolve time: 0.00s
Presolved: 42 rows, 420 columns, 840 nonzeros
Variable types: 0 continuous, 420 integer (420 binary)

Root relaxation: objective 1.227860e+02, 37 iterations, 0.00 seconds

    Nodes    |    Current Node    |     Objective Bounds      |     Work
 Expl Unexpl |  Obj  Depth IntInf | Incumbent    BestBd   Gap | It/Node Time

*    0     0               0     122.7860000  122.78600  0.00%     -    0s

Explored 0 nodes (37 simplex iterations) in 0.01 seconds
Thread count was 4 (of 8 available processors)

Optimal solution found (tolerance 1.00e-04)
Best objective 1.227860000000e+02, best bound 1.227860000000e+02, gap 0.0%
Optimize a model with 61 rows, 420 columns and 890 nonzeros
Coefficient statistics:
  Matrix range    [1e+00, 1e+00]
  Objective range [9e-01, 6e+01]
  Bounds range    [1e+00, 1e+00]
  RHS range       [1e+00, 2e+00]
Found heuristic solution: objective 329.454
Presolve removed 10 rows and 0 columns
Presolve time: 0.00s
Presolved: 51 rows, 420 columns, 862 nonzeros

MIP start did not produce a new incumbent solution
MIP start violates constraint c_n1 by 1.00

Variable types: 0 continuous, 420 integer (420 binary)

Root relaxation: objective 1.319930e+02, 43 iterations, 0.00 seconds

    Nodes    |    Current Node    |     Objective Bounds      |     Work
 Expl Unexpl |  Obj  Depth IntInf | Incumbent    BestBd   Gap | It/Node Time

     0     0  131.99300    0   12  329.45400  131.99300  59.9%     -    0s
H    0     0                     139.9010000  131.99300  5.65%     -    0s
H    0     0                     133.3110000  131.99300  0.99%     -    0s
H    0     0                     133.3010000  131.99300  0.98%     -    0s
*    0     0               0     132.1930000  132.19300  0.00%     -    0s

Cutting planes:
  Gomory: 1
  Zero half: 1

Explored 0 nodes (45 simplex iterations) in 0.06 seconds
Thread count was 4 (of 8 available processors)

Optimal solution found (tolerance 1.00e-04)
Best objective 1.321930000000e+02, best bound 1.321930000000e+02, gap 0.0%
Optimize a model with 80 rows, 420 columns and 988 nonzeros
Coefficient statistics:
  Matrix range    [1e+00, 1e+00]
  Objective range [9e-01, 6e+01]
  Bounds range    [1e+00, 1e+00]
  RHS range       [1e+00, 2e+00]
Found heuristic solution: objective 329.454
Presolve removed 22 rows and 0 columns
Presolve time: 0.00s
Presolved: 58 rows, 420 columns, 896 nonzeros

MIP start did not produce a new incumbent solution
MIP start violates constraint c_n20 by 1.00

Variable types: 0 continuous, 420 integer (420 binary)

Root relaxation: objective 1.447370e+02, 64 iterations, 0.00 seconds

    Nodes    |    Current Node    |     Objective Bounds      |     Work
 Expl Unexpl |  Obj  Depth IntInf | Incumbent    BestBd   Gap | It/Node Time

*    0     0               0     144.7370000  144.73700  0.00%     -    0s

Explored 0 nodes (64 simplex iterations) in 0.01 seconds
Thread count was 4 (of 8 available processors)

Optimal solution found (tolerance 1.00e-04)
Best objective 1.447370000000e+02, best bound 1.447370000000e+02, gap 0.0%
Optimize a model with 99 rows, 420 columns and 7486 nonzeros
Coefficient statistics:
  Matrix range    [1e+00, 1e+00]
  Objective range [9e-01, 6e+01]
  Bounds range    [1e+00, 1e+00]
  RHS range       [1e+00, 2e+01]
Found heuristic solution: objective 329.454
Presolve removed 40 rows and 0 columns
Presolve time: 0.01s
Presolved: 59 rows, 420 columns, 1238 nonzeros

MIP start did not produce a new incumbent solution
MIP start violates constraint c_n39 by 1.00

Variable types: 0 continuous, 420 integer (420 binary)

Root relaxation: objective 1.518570e+02, 57 iterations, 0.00 seconds

    Nodes    |    Current Node    |     Objective Bounds      |     Work
 Expl Unexpl |  Obj  Depth IntInf | Incumbent    BestBd   Gap | It/Node Time

*    0     0               0     151.8570000  151.85700  0.00%     -    0s

Explored 0 nodes (57 simplex iterations) in 0.01 seconds
Thread count was 4 (of 8 available processors)

Optimal solution found (tolerance 1.00e-04)
Best objective 1.518570000000e+02, best bound 1.518570000000e+02, gap 0.0%
Optimize a model with 116 rows, 420 columns and 10640 nonzeros
Coefficient statistics:
  Matrix range    [1e+00, 1e+00]
  Objective range [9e-01, 6e+01]
  Bounds range    [1e+00, 1e+00]
  RHS range       [1e+00, 2e+01]
Found heuristic solution: objective 329.454
Presolve removed 55 rows and 0 columns
Presolve time: 0.01s
Presolved: 61 rows, 420 columns, 1450 nonzeros

MIP start did not produce a new incumbent solution
MIP start violates constraint c_n58 by 1.00

Variable types: 0 continuous, 420 integer (420 binary)

Root relaxation: objective 1.528310e+02, 67 iterations, 0.00 seconds

    Nodes    |    Current Node    |     Objective Bounds      |     Work
 Expl Unexpl |  Obj  Depth IntInf | Incumbent    BestBd   Gap | It/Node Time

*    0     0               0     152.8310000  152.83100  0.00%     -    0s

Explored 0 nodes (67 simplex iterations) in 0.01 seconds
Thread count was 4 (of 8 available processors)

Optimal solution found (tolerance 1.00e-04)
Best objective 1.528310000000e+02, best bound 1.528310000000e+02, gap 0.0%
Optimize a model with 133 rows, 420 columns and 15264 nonzeros
Coefficient statistics:
  Matrix range    [1e+00, 1e+00]
  Objective range [9e-01, 6e+01]
  Bounds range    [1e+00, 1e+00]
  RHS range       [1e+00, 2e+01]
Found heuristic solution: objective 329.454
Presolve removed 71 rows and 0 columns
Presolve time: 0.01s
Presolved: 62 rows, 420 columns, 1722 nonzeros

MIP start did not produce a new incumbent solution
MIP start violates constraint c_n75 by 1.00

Variable types: 0 continuous, 420 integer (420 binary)

Root relaxation: objective 1.561230e+02, 73 iterations, 0.00 seconds

    Nodes    |    Current Node    |     Objective Bounds      |     Work
 Expl Unexpl |  Obj  Depth IntInf | Incumbent    BestBd   Gap | It/Node Time

*    0     0               0     156.1230000  156.12300  0.00%     -    0s

Explored 0 nodes (73 simplex iterations) in 0.01 seconds
Thread count was 4 (of 8 available processors)

Optimal solution found (tolerance 1.00e-04)
Best objective 1.561230000000e+02, best bound 1.561230000000e+02, gap 0.0%
Optimize a model with 145 rows, 420 columns and 15930 nonzeros
Coefficient statistics:
  Matrix range    [1e+00, 1e+00]
  Objective range [9e-01, 6e+01]
  Bounds range    [1e+00, 1e+00]
  RHS range       [1e+00, 2e+01]
Found heuristic solution: objective 329.454
Presolve removed 81 rows and 0 columns
Presolve time: 0.01s
Presolved: 64 rows, 420 columns, 1800 nonzeros

MIP start did not produce a new incumbent solution
MIP start violates constraint c_n92 by 1.00

Variable types: 0 continuous, 420 integer (420 binary)

Root relaxation: objective 1.564070e+02, 75 iterations, 0.00 seconds

    Nodes    |    Current Node    |     Objective Bounds      |     Work
 Expl Unexpl |  Obj  Depth IntInf | Incumbent    BestBd   Gap | It/Node Time

*    0     0               0     156.4070000  156.40700  0.00%     -    0s

Explored 0 nodes (75 simplex iterations) in 0.01 seconds
Thread count was 4 (of 8 available processors)

Optimal solution found (tolerance 1.00e-04)
Best objective 1.564070000000e+02, best bound 1.564070000000e+02, gap 0.0%
Optimize a model with 163 rows, 420 columns and 21438 nonzeros
Coefficient statistics:
  Matrix range    [1e+00, 1e+00]
  Objective range [9e-01, 6e+01]
  Bounds range    [1e+00, 1e+00]
  RHS range       [1e+00, 2e+01]
Found heuristic solution: objective 329.454
Presolve removed 98 rows and 0 columns
Presolve time: 0.01s
Presolved: 65 rows, 420 columns, 2106 nonzeros

MIP start did not produce a new incumbent solution
MIP start violates constraint c_n104 by 1.00

Variable types: 0 continuous, 420 integer (420 binary)

Root relaxation: objective 1.567910e+02, 79 iterations, 0.00 seconds

    Nodes    |    Current Node    |     Objective Bounds      |     Work
 Expl Unexpl |  Obj  Depth IntInf | Incumbent    BestBd   Gap | It/Node Time

*    0     0               0     156.7910000  156.79100  0.00%     -    0s

Explored 0 nodes (79 simplex iterations) in 0.01 seconds
Thread count was 4 (of 8 available processors)

Optimal solution found (tolerance 1.00e-04)
Best objective 1.567910000000e+02, best bound 1.567910000000e+02, gap 0.0%

Gurobi 6.0.5 (win64) logging started 10/19/15 18:24:07

Optimize a model with 40 rows, 380 columns and 760 nonzeros
Coefficient statistics:
  Matrix range    [1e+00, 1e+00]
  Objective range [3e+00, 4e+01]
  Bounds range    [1e+00, 1e+00]
  RHS range       [1e+00, 1e+00]
Found heuristic solution: objective 341.11
Presolve time: 0.00s
Presolved: 40 rows, 380 columns, 760 nonzeros
Variable types: 0 continuous, 380 integer (380 binary)

Root relaxation: objective 1.138140e+02, 36 iterations, 0.00 seconds

    Nodes    |    Current Node    |     Objective Bounds      |     Work
 Expl Unexpl |  Obj  Depth IntInf | Incumbent    BestBd   Gap | It/Node Time

*    0     0               0     113.8140000  113.81400  0.00%     -    0s

Explored 0 nodes (36 simplex iterations) in 0.00 seconds
Thread count was 4 (of 8 available processors)

Optimal solution found (tolerance 1.00e-04)
Best objective 1.138140000000e+02, best bound 1.138140000000e+02, gap 0.0%
Optimize a model with 58 rows, 380 columns and 820 nonzeros
Coefficient statistics:
  Matrix range    [1e+00, 1e+00]
  Objective range [3e+00, 4e+01]
  Bounds range    [1e+00, 1e+00]
  RHS range       [1e+00, 2e+00]
Found heuristic solution: objective 341.11
Presolve removed 10 rows and 0 columns
Presolve time: 0.00s
Presolved: 48 rows, 380 columns, 784 nonzeros

MIP start did not produce a new incumbent solution
MIP start violates constraint c_n1 by 1.00

Variable types: 0 continuous, 380 integer (380 binary)

Root relaxation: objective 1.203500e+02, 54 iterations, 0.00 seconds

    Nodes    |    Current Node    |     Objective Bounds      |     Work
 Expl Unexpl |  Obj  Depth IntInf | Incumbent    BestBd   Gap | It/Node Time

     0     0  120.35000    0   24  341.11000  120.35000  64.7%     -    0s
H    0     0                     125.6840000  120.35000  4.24%     -    0s
H    0     0                     124.3760000  120.35000  3.24%     -    0s
H    0     0                     123.0400000  120.35000  2.19%     -    0s
*    0     0               0     120.8020000  120.80200  0.00%     -    0s

Cutting planes:
  Gomory: 1
  Zero half: 2

Explored 0 nodes (61 simplex iterations) in 0.01 seconds
Thread count was 4 (of 8 available processors)

Optimal solution found (tolerance 1.00e-04)
Best objective 1.208020000000e+02, best bound 1.208020000000e+02, gap 0.0%
Optimize a model with 76 rows, 380 columns and 2134 nonzeros
Coefficient statistics:
  Matrix range    [1e+00, 1e+00]
  Objective range [3e+00, 4e+01]
  Bounds range    [1e+00, 1e+00]
  RHS range       [1e+00, 1e+01]
Found heuristic solution: objective 341.11
Presolve removed 25 rows and 0 columns
Presolve time: 0.00s
Presolved: 51 rows, 380 columns, 916 nonzeros

MIP start did not produce a new incumbent solution
MIP start violates constraint c_n19 by 1.00

Variable types: 0 continuous, 380 integer (380 binary)

Root relaxation: objective 1.236940e+02, 56 iterations, 0.00 seconds

    Nodes    |    Current Node    |     Objective Bounds      |     Work
 Expl Unexpl |  Obj  Depth IntInf | Incumbent    BestBd   Gap | It/Node Time

*    0     0               0     123.6940000  123.69400  0.00%     -    0s

Explored 0 nodes (56 simplex iterations) in 0.01 seconds
Thread count was 4 (of 8 available processors)

Optimal solution found (tolerance 1.00e-04)
Best objective 1.236940000000e+02, best bound 1.236940000000e+02, gap 0.0%
Optimize a model with 94 rows, 380 columns and 7642 nonzeros
Coefficient statistics:
  Matrix range    [1e+00, 1e+00]
  Objective range [3e+00, 4e+01]
  Bounds range    [1e+00, 1e+00]
  RHS range       [1e+00, 2e+01]
Found heuristic solution: objective 341.11
Presolve removed 42 rows and 0 columns
Presolve time: 0.01s
Presolved: 52 rows, 380 columns, 1222 nonzeros

MIP start did not produce a new incumbent solution
MIP start violates constraint c_n37 by 1.00

Variable types: 0 continuous, 380 integer (380 binary)

Root relaxation: objective 1.319420e+02, 63 iterations, 0.00 seconds

    Nodes    |    Current Node    |     Objective Bounds      |     Work
 Expl Unexpl |  Obj  Depth IntInf | Incumbent    BestBd   Gap | It/Node Time

*    0     0               0     131.9420000  131.94200  0.00%     -    0s

Explored 0 nodes (63 simplex iterations) in 0.01 seconds
Thread count was 4 (of 8 available processors)

Optimal solution found (tolerance 1.00e-04)
Best objective 1.319420000000e+02, best bound 1.319420000000e+02, gap 0.0%
Optimize a model with 100 rows, 380 columns and 7654 nonzeros
Coefficient statistics:
  Matrix range    [1e+00, 1e+00]
  Objective range [3e+00, 4e+01]
  Bounds range    [1e+00, 1e+00]
  RHS range       [1e+00, 2e+01]
Found heuristic solution: objective 341.11
Presolve removed 45 rows and 0 columns
Presolve time: 0.01s
Presolved: 55 rows, 380 columns, 1228 nonzeros

MIP start did not produce a new incumbent solution
MIP start violates constraint c_n55 by 1.00

Variable types: 0 continuous, 380 integer (380 binary)

Root relaxation: objective 1.328705e+02, 70 iterations, 0.00 seconds

    Nodes    |    Current Node    |     Objective Bounds      |     Work
 Expl Unexpl |  Obj  Depth IntInf | Incumbent    BestBd   Gap | It/Node Time

     0     0  132.87050    0   22  341.11000  132.87050  61.0%     -    0s
H    0     0                     215.6060000  132.87050  38.4%     -    0s
H    0     0                     149.1200000  132.87050  10.9%     -    0s
H    0     0                     147.8730000  132.87050  10.1%     -    0s
H    0     0                     144.1650000  132.87050  7.83%     -    0s
     0     0  133.84975    0   21  144.16500  133.84975  7.16%     -    0s
     0     0  133.84975    0   18  144.16500  133.84975  7.16%     -    0s
H    0     0                     139.9330000  133.84975  4.35%     -    0s
     0     0  133.84975    0   25  139.93300  133.84975  4.35%     -    0s
     0     0  133.84975    0   22  139.93300  133.84975  4.35%     -    0s
H    0     0                     137.9600000  133.84975  2.98%     -    0s
H    0     0                     136.6560000  133.84975  2.05%     -    0s
     0     0  133.84975    0   21  136.65600  133.84975  2.05%     -    0s
     0     0  133.84975    0   16  136.65600  133.84975  2.05%     -    0s
H    0     0                     134.5140000  133.84975  0.49%     -    0s
     0     0  133.84975    0   21  134.51400  133.84975  0.49%     -    0s
     0     0  133.84975    0   14  134.51400  133.84975  0.49%     -    0s
     0     0  133.87250    0   10  134.51400  133.87250  0.48%     -    0s
*    0     0               0     134.2450000  134.24500  0.00%     -    0s

Cutting planes:
  Gomory: 4
  Clique: 1
  Zero half: 2

Explored 0 nodes (459 simplex iterations) in 0.07 seconds
Thread count was 4 (of 8 available processors)

Optimal solution found (tolerance 1.00e-04)
Best objective 1.342450000000e+02, best bound 1.342450000000e+02, gap 0.0%
Optimize a model with 117 rows, 380 columns and 12278 nonzeros
Coefficient statistics:
  Matrix range    [1e+00, 1e+00]
  Objective range [3e+00, 4e+01]
  Bounds range    [1e+00, 1e+00]
  RHS range       [1e+00, 2e+01]
Found heuristic solution: objective 341.11
Presolve removed 61 rows and 0 columns
Presolve time: 0.01s
Presolved: 56 rows, 380 columns, 1500 nonzeros

MIP start did not produce a new incumbent solution
MIP start violates constraint c_n61 by 1.00

Variable types: 0 continuous, 380 integer (380 binary)

Root relaxation: objective 1.328705e+02, 73 iterations, 0.00 seconds

    Nodes    |    Current Node    |     Objective Bounds      |     Work
 Expl Unexpl |  Obj  Depth IntInf | Incumbent    BestBd   Gap | It/Node Time

     0     0  132.87050    0   16  341.11000  132.87050  61.0%     -    0s
H    0     0                     247.3970000  132.87050  46.3%     -    0s
H    0     0                     137.1480000  132.87050  3.12%     -    0s
     0     0  133.84975    0   25  137.14800  133.84975  2.40%     -    0s
     0     0  133.84975    0   16  137.14800  133.84975  2.40%     -    0s
H    0     0                     134.5140000  133.84975  0.49%     -    0s
     0     0  133.84975    0   25  134.51400  133.84975  0.49%     -    0s
     0     0  133.84975    0   10  134.51400  133.84975  0.49%     -    0s
H    0     0                     134.4700000  133.84975  0.46%     -    0s
H    0     0                     134.3690000  133.84975  0.39%     -    0s
     0     0  134.32350    0   22  134.36900  134.32350  0.03%     -    0s
     0     0     cutoff    0       134.36900  134.36900  0.00%     -    0s

Cutting planes:
  Gomory: 4
  Clique: 11

Explored 0 nodes (232 simplex iterations) in 0.03 seconds
Thread count was 4 (of 8 available processors)

Optimal solution found (tolerance 1.00e-04)
Best objective 1.343690000000e+02, best bound 1.343690000000e+02, gap 0.0%

Gurobi 6.0.5 (win64) logging started 10/19/15 18:24:08

Optimize a model with 4 rows, 2 columns and 4 nonzeros
Coefficient statistics:
  Matrix range    [1e+00, 1e+00]
  Objective range [3e+01, 3e+01]
  Bounds range    [1e+00, 1e+00]
  RHS range       [1e+00, 1e+00]
Found heuristic solution: objective 62.94
Presolve removed 4 rows and 2 columns
Presolve time: 0.00s

Explored 0 nodes (0 simplex iterations) in 0.00 seconds
Thread count was 1 (of 8 available processors)

Optimal solution found (tolerance 1.00e-04)
Best objective 6.294000000000e+01, best bound 6.294000000000e+01, gap 0.0%

Gurobi 6.0.5 (win64) logging started 10/19/15 18:24:08

Optimize a model with 42 rows, 420 columns and 840 nonzeros
Coefficient statistics:
  Matrix range    [1e+00, 1e+00]
  Objective range [3e-01, 4e+01]
  Bounds range    [1e+00, 1e+00]
  RHS range       [1e+00, 1e+00]
Found heuristic solution: objective 336.729
Presolve time: 0.00s
Presolved: 42 rows, 420 columns, 840 nonzeros
Variable types: 0 continuous, 420 integer (420 binary)

Root relaxation: objective 1.242250e+02, 36 iterations, 0.00 seconds

    Nodes    |    Current Node    |     Objective Bounds      |     Work
 Expl Unexpl |  Obj  Depth IntInf | Incumbent    BestBd   Gap | It/Node Time

*    0     0               0     124.2250000  124.22500  0.00%     -    0s

Explored 0 nodes (36 simplex iterations) in 0.00 seconds
Thread count was 4 (of 8 available processors)

Optimal solution found (tolerance 1.00e-04)
Best objective 1.242250000000e+02, best bound 1.242250000000e+02, gap 0.0%
Optimize a model with 61 rows, 420 columns and 890 nonzeros
Coefficient statistics:
  Matrix range    [1e+00, 1e+00]
  Objective range [3e-01, 4e+01]
  Bounds range    [1e+00, 1e+00]
  RHS range       [1e+00, 2e+00]
Found heuristic solution: objective 336.729
Presolve removed 10 rows and 0 columns
Presolve time: 0.00s
Presolved: 51 rows, 420 columns, 862 nonzeros

MIP start did not produce a new incumbent solution
MIP start violates constraint c_n1 by 1.00

Variable types: 0 continuous, 420 integer (420 binary)

Root relaxation: objective 1.362520e+02, 50 iterations, 0.00 seconds

    Nodes    |    Current Node    |     Objective Bounds      |     Work
 Expl Unexpl |  Obj  Depth IntInf | Incumbent    BestBd   Gap | It/Node Time

     0     0  136.25200    0   26  336.72900  136.25200  59.5%     -    0s
H    0     0                     154.3470000  136.25200  11.7%     -    0s
H    0     0                     152.8000000  136.25200  10.8%     -    0s
H    0     0                     150.2030000  136.25200  9.29%     -    0s
H    0     0                     143.9720000  136.25200  5.36%     -    0s
*    0     0               0     137.7770000  137.77700  0.00%     -    0s

Cutting planes:
  Gomory: 1
  Zero half: 2

Explored 0 nodes (57 simplex iterations) in 0.01 seconds
Thread count was 4 (of 8 available processors)

Optimal solution found (tolerance 1.00e-04)
Best objective 1.377770000000e+02, best bound 1.377770000000e+02, gap 0.0%
Optimize a model with 79 rows, 420 columns and 1068 nonzeros
Coefficient statistics:
  Matrix range    [1e+00, 1e+00]
  Objective range [3e-01, 4e+01]
  Bounds range    [1e+00, 1e+00]
  RHS range       [1e+00, 4e+00]
Found heuristic solution: objective 336.729
Presolve removed 22 rows and 0 columns
Presolve time: 0.01s
Presolved: 57 rows, 420 columns, 906 nonzeros

MIP start did not produce a new incumbent solution
MIP start violates constraint c_n20 by 1.00

Variable types: 0 continuous, 420 integer (420 binary)

Root relaxation: objective 1.400865e+02, 58 iterations, 0.00 seconds

    Nodes    |    Current Node    |     Objective Bounds      |     Work
 Expl Unexpl |  Obj  Depth IntInf | Incumbent    BestBd   Gap | It/Node Time

     0     0  140.08650    0   18  336.72900  140.08650  58.4%     -    0s
H    0     0                     147.7880000  140.08650  5.21%     -    0s
H    0     0                     147.7290000  140.08650  5.17%     -    0s
*    0     0               0     141.0900000  141.09000  0.00%     -    0s

Cutting planes:
  Gomory: 2
  Zero half: 2

Explored 0 nodes (73 simplex iterations) in 0.01 seconds
Thread count was 4 (of 8 available processors)

Optimal solution found (tolerance 1.00e-04)
Best objective 1.410900000000e+02, best bound 1.410900000000e+02, gap 0.0%
Optimize a model with 83 rows, 420 columns and 1116 nonzeros
Coefficient statistics:
  Matrix range    [1e+00, 1e+00]
  Objective range [3e-01, 4e+01]
  Bounds range    [1e+00, 1e+00]
  RHS range       [1e+00, 4e+00]
Found heuristic solution: objective 336.729
Presolve removed 25 rows and 0 columns
Presolve time: 0.00s
Presolved: 58 rows, 420 columns, 918 nonzeros

MIP start did not produce a new incumbent solution
MIP start violates constraint c_n38 by 1.00

Variable types: 0 continuous, 420 integer (420 binary)

Root relaxation: objective 1.404275e+02, 68 iterations, 0.00 seconds

    Nodes    |    Current Node    |     Objective Bounds      |     Work
 Expl Unexpl |  Obj  Depth IntInf | Incumbent    BestBd   Gap | It/Node Time

     0     0  140.42750    0   16  336.72900  140.42750  58.3%     -    0s
H    0     0                     153.2290000  140.42750  8.35%     -    0s
H    0     0                     147.7290000  140.42750  4.94%     -    0s
*    0     0               0     141.1710000  141.17100  0.00%     -    0s

Cutting planes:
  Gomory: 2
  Zero half: 3

Explored 0 nodes (77 simplex iterations) in 0.01 seconds
Thread count was 4 (of 8 available processors)

Optimal solution found (tolerance 1.00e-04)
Best objective 1.411710000000e+02, best bound 1.411710000000e+02, gap 0.0%
Optimize a model with 102 rows, 420 columns and 1700 nonzeros
Coefficient statistics:
  Matrix range    [1e+00, 1e+00]
  Objective range [3e-01, 4e+01]
  Bounds range    [1e+00, 1e+00]
  RHS range       [1e+00, 7e+00]
Found heuristic solution: objective 336.729
Presolve removed 40 rows and 0 columns
Presolve time: 0.01s
Presolved: 62 rows, 420 columns, 1006 nonzeros

MIP start did not produce a new incumbent solution
MIP start violates constraint c_n42 by 1.00

Variable types: 0 continuous, 420 integer (420 binary)

Root relaxation: objective 1.417720e+02, 76 iterations, 0.00 seconds

    Nodes    |    Current Node    |     Objective Bounds      |     Work
 Expl Unexpl |  Obj  Depth IntInf | Incumbent    BestBd   Gap | It/Node Time

*    0     0               0     141.7720000  141.77200  0.00%     -    0s

Explored 0 nodes (76 simplex iterations) in 0.01 seconds
Thread count was 4 (of 8 available processors)

Optimal solution found (tolerance 1.00e-04)
Best objective 1.417720000000e+02, best bound 1.417720000000e+02, gap 0.0%

Gurobi 6.0.5 (win64) logging started 10/19/15 18:24:08

Optimize a model with 40 rows, 380 columns and 760 nonzeros
Coefficient statistics:
  Matrix range    [1e+00, 1e+00]
  Objective range [9e-01, 6e+01]
  Bounds range    [1e+00, 1e+00]
  RHS range       [1e+00, 1e+00]
Found heuristic solution: objective 356.095
Presolve time: 0.00s
Presolved: 40 rows, 380 columns, 760 nonzeros
Variable types: 0 continuous, 380 integer (380 binary)

Root relaxation: objective 1.288140e+02, 32 iterations, 0.00 seconds

    Nodes    |    Current Node    |     Objective Bounds      |     Work
 Expl Unexpl |  Obj  Depth IntInf | Incumbent    BestBd   Gap | It/Node Time

*    0     0               0     128.8140000  128.81400  0.00%     -    0s

Explored 0 nodes (32 simplex iterations) in 0.00 seconds
Thread count was 4 (of 8 available processors)

Optimal solution found (tolerance 1.00e-04)
Best objective 1.288140000000e+02, best bound 1.288140000000e+02, gap 0.0%
Optimize a model with 57 rows, 380 columns and 830 nonzeros
Coefficient statistics:
  Matrix range    [1e+00, 1e+00]
  Objective range [9e-01, 6e+01]
  Bounds range    [1e+00, 1e+00]
  RHS range       [1e+00, 2e+00]
Found heuristic solution: objective 356.095
Presolve removed 10 rows and 0 columns
Presolve time: 0.00s
Presolved: 47 rows, 380 columns, 786 nonzeros

MIP start did not produce a new incumbent solution
MIP start violates constraint c_n1 by 1.00

Variable types: 0 continuous, 380 integer (380 binary)

Root relaxation: objective 1.408580e+02, 42 iterations, 0.00 seconds

    Nodes    |    Current Node    |     Objective Bounds      |     Work
 Expl Unexpl |  Obj  Depth IntInf | Incumbent    BestBd   Gap | It/Node Time

*    0     0               0     140.8580000  140.85800  0.00%     -    0s

Explored 0 nodes (42 simplex iterations) in 0.00 seconds
Thread count was 4 (of 8 available processors)

Optimal solution found (tolerance 1.00e-04)
Best objective 1.408580000000e+02, best bound 1.408580000000e+02, gap 0.0%
Optimize a model with 75 rows, 380 columns and 890 nonzeros
Coefficient statistics:
  Matrix range    [1e+00, 1e+00]
  Objective range [9e-01, 6e+01]
  Bounds range    [1e+00, 1e+00]
  RHS range       [1e+00, 2e+00]
Found heuristic solution: objective 356.095
Presolve removed 20 rows and 0 columns
Presolve time: 0.00s
Presolved: 55 rows, 380 columns, 810 nonzeros

MIP start did not produce a new incumbent solution
MIP start violates constraint c_n18 by 1.00

Variable types: 0 continuous, 380 integer (380 binary)

Root relaxation: objective 1.477630e+02, 65 iterations, 0.00 seconds

    Nodes    |    Current Node    |     Objective Bounds      |     Work
 Expl Unexpl |  Obj  Depth IntInf | Incumbent    BestBd   Gap | It/Node Time

     0     0  147.76300    0   28  356.09500  147.76300  58.5%     -    0s
H    0     0                     352.7470000  147.76300  58.1%     -    0s
H    0     0                     169.3430000  147.76300  12.7%     -    0s
*    0     0               0     149.5130000  149.51300  0.00%     -    0s

Cutting planes:
  Gomory: 1
  Zero half: 2

Explored 0 nodes (85 simplex iterations) in 0.01 seconds
Thread count was 4 (of 8 available processors)

Optimal solution found (tolerance 1.00e-04)
Best objective 1.495130000000e+02, best bound 1.495130000000e+02, gap 0.0%
Optimize a model with 92 rows, 380 columns and 4044 nonzeros
Coefficient statistics:
  Matrix range    [1e+00, 1e+00]
  Objective range [9e-01, 6e+01]
  Bounds range    [1e+00, 1e+00]
  RHS range       [1e+00, 1e+01]
Found heuristic solution: objective 356.095
Presolve removed 35 rows and 0 columns
Presolve time: 0.01s
Presolved: 57 rows, 380 columns, 1022 nonzeros

MIP start did not produce a new incumbent solution
MIP start violates constraint c_n36 by 1.00

Variable types: 0 continuous, 380 integer (380 binary)

Root relaxation: objective 1.477630e+02, 74 iterations, 0.00 seconds

    Nodes    |    Current Node    |     Objective Bounds      |     Work
 Expl Unexpl |  Obj  Depth IntInf | Incumbent    BestBd   Gap | It/Node Time

     0     0  147.76300    0   28  356.09500  147.76300  58.5%     -    0s
H    0     0                     243.2320000  147.76300  39.3%     -    0s
H    0     0                     169.3270000  147.76300  12.7%     -    0s
*    0     0               0     149.5290000  149.52900  0.00%     -    0s

Cutting planes:
  Gomory: 1
  Zero half: 2

Explored 0 nodes (94 simplex iterations) in 0.01 seconds
Thread count was 4 (of 8 available processors)

Optimal solution found (tolerance 1.00e-04)
Best objective 1.495290000000e+02, best bound 1.495290000000e+02, gap 0.0%
Optimize a model with 109 rows, 380 columns and 8668 nonzeros
Coefficient statistics:
  Matrix range    [1e+00, 1e+00]
  Objective range [9e-01, 6e+01]
  Bounds range    [1e+00, 1e+00]
  RHS range       [1e+00, 2e+01]
Found heuristic solution: objective 356.095
Presolve removed 51 rows and 0 columns
Presolve time: 0.01s
Presolved: 58 rows, 380 columns, 1294 nonzeros

MIP start did not produce a new incumbent solution
MIP start violates constraint c_n53 by 1.00

Variable types: 0 continuous, 380 integer (380 binary)

Root relaxation: objective 1.517580e+02, 67 iterations, 0.00 seconds

    Nodes    |    Current Node    |     Objective Bounds      |     Work
 Expl Unexpl |  Obj  Depth IntInf | Incumbent    BestBd   Gap | It/Node Time

*    0     0               0     151.7580000  151.75800  0.00%     -    0s

Explored 0 nodes (67 simplex iterations) in 0.01 seconds
Thread count was 4 (of 8 available processors)

Optimal solution found (tolerance 1.00e-04)
Best objective 1.517580000000e+02, best bound 1.517580000000e+02, gap 0.0%
Optimize a model with 127 rows, 380 columns and 14176 nonzeros
Coefficient statistics:
  Matrix range    [1e+00, 1e+00]
  Objective range [9e-01, 6e+01]
  Bounds range    [1e+00, 1e+00]
  RHS range       [1e+00, 2e+01]
Found heuristic solution: objective 356.095
Presolve removed 68 rows and 0 columns
Presolve time: 0.01s
Presolved: 59 rows, 380 columns, 1600 nonzeros

MIP start did not produce a new incumbent solution
MIP start violates constraint c_n70 by 1.00

Variable types: 0 continuous, 380 integer (380 binary)

Root relaxation: objective 1.541860e+02, 67 iterations, 0.00 seconds

    Nodes    |    Current Node    |     Objective Bounds      |     Work
 Expl Unexpl |  Obj  Depth IntInf | Incumbent    BestBd   Gap | It/Node Time

*    0     0               0     154.1860000  154.18600  0.00%     -    0s

Explored 0 nodes (67 simplex iterations) in 0.01 seconds
Thread count was 4 (of 8 available processors)

Optimal solution found (tolerance 1.00e-04)
Best objective 1.541860000000e+02, best bound 1.541860000000e+02, gap 0.0%

Gurobi 6.0.5 (win64) logging started 10/19/15 18:24:08

Optimize a model with 4 rows, 2 columns and 4 nonzeros
Coefficient statistics:
  Matrix range    [1e+00, 1e+00]
  Objective range [7e+01, 7e+01]
  Bounds range    [1e+00, 1e+00]
  RHS range       [1e+00, 1e+00]
Found heuristic solution: objective 130.562
Presolve removed 4 rows and 2 columns
Presolve time: 0.00s

Explored 0 nodes (0 simplex iterations) in 0.00 seconds
Thread count was 1 (of 8 available processors)

Optimal solution found (tolerance 1.00e-04)
Best objective 1.305620000000e+02, best bound 1.305620000000e+02, gap 0.0%
